<?xml version="1.0" encoding="UTF-8"?>
<testsuite name="EdgeConnectorTest" tests="13" skipped="0" failures="0" errors="0" timestamp="2022-02-25T02:01:24" hostname="DChu-Mac-Pro.local" time="0.023">
  <properties/>
  <testcase name="testGetEndPoint1" classname="EdgeConnectorTest" time="0.007"/>
  <testcase name="testGetEndPoint2" classname="EdgeConnectorTest" time="0.001"/>
  <testcase name="testGetEndStyle1" classname="EdgeConnectorTest" time="0.001"/>
  <testcase name="testGetEndStyle2" classname="EdgeConnectorTest" time="0.0"/>
  <testcase name="testGetNumConnector" classname="EdgeConnectorTest" time="0.001"/>
  <testcase name="testGetIsEP1Field" classname="EdgeConnectorTest" time="0.001"/>
  <testcase name="testGetIsEP1Table" classname="EdgeConnectorTest" time="0.0"/>
  <testcase name="testGetIsEP2Field" classname="EdgeConnectorTest" time="0.001"/>
  <testcase name="testGetIsEP2Table" classname="EdgeConnectorTest" time="0.001"/>
  <testcase name="testSetIsEP1Field" classname="EdgeConnectorTest" time="0.002"/>
  <testcase name="testSetIsEP1Table" classname="EdgeConnectorTest" time="0.002"/>
  <testcase name="testSetIsEP2Field" classname="EdgeConnectorTest" time="0.002"/>
  <testcase name="testSetIsEP2Table" classname="EdgeConnectorTest" time="0.002"/>
  <system-out><![CDATA[21:01:24.463 [Test worker] DEBUG EdgeConnectorTest - Setting up Test Edge Connector.
21:01:24.467 [Test worker] DEBUG EdgeConnector - Connecting to Edge File: 1|2|3|testStyle1|testStyle2
21:01:24.468 [Test worker] DEBUG EdgeConnectorTest - Setting up Test Edge Connector.
21:01:24.468 [Test worker] DEBUG EdgeConnector - Connecting to Edge File: 1|2|3|testStyle1|testStyle2
21:01:24.469 [Test worker] DEBUG EdgeConnectorTest - Setting up Test Edge Connector.
21:01:24.469 [Test worker] DEBUG EdgeConnector - Connecting to Edge File: 1|2|3|testStyle1|testStyle2
21:01:24.470 [Test worker] DEBUG EdgeConnectorTest - Setting up Test Edge Connector.
21:01:24.470 [Test worker] DEBUG EdgeConnector - Connecting to Edge File: 1|2|3|testStyle1|testStyle2
21:01:24.471 [Test worker] DEBUG EdgeConnectorTest - Setting up Test Edge Connector.
21:01:24.471 [Test worker] DEBUG EdgeConnector - Connecting to Edge File: 1|2|3|testStyle1|testStyle2
21:01:24.472 [Test worker] WARN  EdgeConnectorTest - No Number Connector Value
21:01:24.472 [Test worker] DEBUG EdgeConnectorTest - Setting up Test Edge Connector.
21:01:24.473 [Test worker] DEBUG EdgeConnector - Connecting to Edge File: 1|2|3|testStyle1|testStyle2
21:01:24.473 [Test worker] DEBUG EdgeConnectorTest - Setting up Test Edge Connector.
21:01:24.473 [Test worker] DEBUG EdgeConnector - Connecting to Edge File: 1|2|3|testStyle1|testStyle2
21:01:24.474 [Test worker] DEBUG EdgeConnectorTest - Setting up Test Edge Connector.
21:01:24.474 [Test worker] DEBUG EdgeConnector - Connecting to Edge File: 1|2|3|testStyle1|testStyle2
21:01:24.475 [Test worker] DEBUG EdgeConnectorTest - Setting up Test Edge Connector.
21:01:24.475 [Test worker] DEBUG EdgeConnector - Connecting to Edge File: 1|2|3|testStyle1|testStyle2
21:01:24.476 [Test worker] DEBUG EdgeConnectorTest - Setting up Test Edge Connector.
21:01:24.476 [Test worker] DEBUG EdgeConnector - Connecting to Edge File: 1|2|3|testStyle1|testStyle2
21:01:24.476 [Test worker] INFO  EdgeConnectorTest - Setting EP1 Table: false
21:01:24.477 [Test worker] DEBUG EdgeConnectorTest - EP1 Table is now: false
21:01:24.477 [Test worker] INFO  EdgeConnector - Setting EP1 Field: false
21:01:24.477 [Test worker] DEBUG EdgeConnector - EP1 Field is now: false
21:01:24.478 [Test worker] DEBUG EdgeConnectorTest - Setting up Test Edge Connector.
21:01:24.478 [Test worker] DEBUG EdgeConnector - Connecting to Edge File: 1|2|3|testStyle1|testStyle2
21:01:24.478 [Test worker] INFO  EdgeConnectorTest - Setting EP1 Table: false
21:01:24.479 [Test worker] DEBUG EdgeConnectorTest - EP1 Table is now: false
21:01:24.479 [Test worker] INFO  EdgeConnector - Setting EP1 Table: false
21:01:24.479 [Test worker] DEBUG EdgeConnector - EP1 Table is now: false
21:01:24.480 [Test worker] DEBUG EdgeConnectorTest - Setting up Test Edge Connector.
21:01:24.480 [Test worker] DEBUG EdgeConnector - Connecting to Edge File: 1|2|3|testStyle1|testStyle2
21:01:24.480 [Test worker] INFO  EdgeConnectorTest - Setting EP2 Field: false
21:01:24.481 [Test worker] DEBUG EdgeConnectorTest - EP2 Field is now: false
21:01:24.481 [Test worker] INFO  EdgeConnector - Setting EP2 Field: false
21:01:24.481 [Test worker] DEBUG EdgeConnector - EP2 Field is now: false
21:01:24.482 [Test worker] DEBUG EdgeConnectorTest - Setting up Test Edge Connector.
21:01:24.482 [Test worker] DEBUG EdgeConnector - Connecting to Edge File: 1|2|3|testStyle1|testStyle2
21:01:24.482 [Test worker] INFO  EdgeConnectorTest - Setting EP2 Table: false
21:01:24.483 [Test worker] DEBUG EdgeConnectorTest - EP2 Table is now: false
21:01:24.483 [Test worker] INFO  EdgeConnector - Setting EP2 Table: false
21:01:24.484 [Test worker] DEBUG EdgeConnector - EP2 Table is now: false
]]></system-out>
  <system-err><![CDATA[]]></system-err>
</testsuite>
